Analysis & Elaboration report for interface_hcsr04
Sat Sep 17 22:44:47 2022
Quartus Prime Version 16.1.0 Build 196 10/24/2016 SJ Lite Edition


---------------------
; Table of Contents ;
---------------------
  1. Legal Notice
  2. Analysis & Elaboration Summary
  3. Parallel Compilation
  4. Parameter Settings for User Entity Instance: interface_hcsr04_fd:FD|gerador_pulso:gerador
  5. Parameter Settings for User Entity Instance: interface_hcsr04_fd:FD|registrador_n:registrador
  6. Parameter Settings for User Entity Instance: interface_hcsr04_fd:FD|contador_cm:contador|contador_m:contador_tick
  7. Parameter Settings for User Entity Instance: interface_hcsr04_fd:FD|contador_cm:contador|analisa_m:analisa
  8. Analysis & Elaboration Settings
  9. Port Connectivity Checks: "interface_hcsr04_fd:FD|contador_cm:contador|analisa_m:analisa"
 10. Port Connectivity Checks: "interface_hcsr04_fd:FD|contador_cm:contador|contador_bcd_3digitos:contador_cm"
 11. Port Connectivity Checks: "interface_hcsr04_fd:FD|contador_cm:contador"
 12. Port Connectivity Checks: "interface_hcsr04_fd:FD|gerador_pulso:gerador"
 13. Analysis & Elaboration Messages



----------------
; Legal Notice ;
----------------
Copyright (C) 2016  Intel Corporation. All rights reserved.
Your use of Intel Corporation's design tools, logic functions 
and other software and tools, and its AMPP partner logic 
functions, and any output files from any of the foregoing 
(including device programming or simulation files), and any 
associated documentation or information are expressly subject 
to the terms and conditions of the Intel Program License 
Subscription Agreement, the Intel Quartus Prime License Agreement,
the Intel MegaCore Function License Agreement, or other 
applicable license agreement, including, without limitation, 
that your use is for the sole purpose of programming logic 
devices manufactured by Intel and sold by Intel or its 
authorized distributors.  Please refer to the applicable 
agreement for further details.



+-----------------------------------------------------------------------------+
; Analysis & Elaboration Summary                                              ;
+-------------------------------+---------------------------------------------+
; Analysis & Elaboration Status ; Successful - Sat Sep 17 22:44:47 2022       ;
; Quartus Prime Version         ; 16.1.0 Build 196 10/24/2016 SJ Lite Edition ;
; Revision Name                 ; interface_hcsr04                            ;
; Top-level Entity Name         ; interface_hcsr04                            ;
; Family                        ; Cyclone V                                   ;
; Logic utilization (in ALMs)   ; N/A until Partition Merge                   ;
; Total registers               ; N/A until Partition Merge                   ;
; Total pins                    ; N/A until Partition Merge                   ;
; Total virtual pins            ; N/A until Partition Merge                   ;
; Total block memory bits       ; N/A until Partition Merge                   ;
; Total PLLs                    ; N/A until Partition Merge                   ;
; Total DLLs                    ; N/A until Partition Merge                   ;
+-------------------------------+---------------------------------------------+


+------------------------------------------+
; Parallel Compilation                     ;
+----------------------------+-------------+
; Processors                 ; Number      ;
+----------------------------+-------------+
; Number detected on machine ; 8           ;
; Maximum allowed            ; 4           ;
;                            ;             ;
; Average used               ; 1.00        ;
; Maximum used               ; 1           ;
;                            ;             ;
; Usage by Processor         ; % Time Used ;
;     Processor 1            ; 100.0%      ;
+----------------------------+-------------+


+-------------------------------------------------------------------------------------------+
; Parameter Settings for User Entity Instance: interface_hcsr04_fd:FD|gerador_pulso:gerador ;
+----------------+-------+------------------------------------------------------------------+
; Parameter Name ; Value ; Type                                                             ;
+----------------+-------+------------------------------------------------------------------+
; largura        ; 500   ; Signed Integer                                                   ;
+----------------+-------+------------------------------------------------------------------+
Note: In order to hide this table in the UI and the text report file, please set the "Show Parameter Settings in Synthesis Report" option in "Analysis and Synthesis Settings -> More Settings" to "Off".


+-----------------------------------------------------------------------------------------------+
; Parameter Settings for User Entity Instance: interface_hcsr04_fd:FD|registrador_n:registrador ;
+----------------+-------+----------------------------------------------------------------------+
; Parameter Name ; Value ; Type                                                                 ;
+----------------+-------+----------------------------------------------------------------------+
; n              ; 12    ; Signed Integer                                                       ;
+----------------+-------+----------------------------------------------------------------------+
Note: In order to hide this table in the UI and the text report file, please set the "Show Parameter Settings in Synthesis Report" option in "Analysis and Synthesis Settings -> More Settings" to "Off".


+-------------------------------------------------------------------------------------------------------------------+
; Parameter Settings for User Entity Instance: interface_hcsr04_fd:FD|contador_cm:contador|contador_m:contador_tick ;
+----------------+-------+------------------------------------------------------------------------------------------+
; Parameter Name ; Value ; Type                                                                                     ;
+----------------+-------+------------------------------------------------------------------------------------------+
; m              ; 2941  ; Signed Integer                                                                           ;
; n              ; 12    ; Signed Integer                                                                           ;
+----------------+-------+------------------------------------------------------------------------------------------+
Note: In order to hide this table in the UI and the text report file, please set the "Show Parameter Settings in Synthesis Report" option in "Analysis and Synthesis Settings -> More Settings" to "Off".


+------------------------------------------------------------------------------------------------------------+
; Parameter Settings for User Entity Instance: interface_hcsr04_fd:FD|contador_cm:contador|analisa_m:analisa ;
+----------------+-------+-----------------------------------------------------------------------------------+
; Parameter Name ; Value ; Type                                                                              ;
+----------------+-------+-----------------------------------------------------------------------------------+
; m              ; 2941  ; Signed Integer                                                                    ;
; n              ; 12    ; Signed Integer                                                                    ;
+----------------+-------+-----------------------------------------------------------------------------------+
Note: In order to hide this table in the UI and the text report file, please set the "Show Parameter Settings in Synthesis Report" option in "Analysis and Synthesis Settings -> More Settings" to "Off".


+---------------------------------------------------------------------------------------------------------------------------+
; Analysis & Elaboration Settings                                                                                           ;
+---------------------------------------------------------------------------------+--------------------+--------------------+
; Option                                                                          ; Setting            ; Default Value      ;
+---------------------------------------------------------------------------------+--------------------+--------------------+
; Device                                                                          ; 5CEBA4F23C7        ;                    ;
; Top-level entity name                                                           ; interface_hcsr04   ; interface_hcsr04   ;
; Family name                                                                     ; Cyclone V          ; Cyclone V          ;
; Use smart compilation                                                           ; Off                ; Off                ;
; Enable parallel Assembler and TimeQuest Timing Analyzer during compilation      ; On                 ; On                 ;
; Enable compact report table                                                     ; Off                ; Off                ;
; Restructure Multiplexers                                                        ; Auto               ; Auto               ;
; MLAB Add Timing Constraints For Mixed-Port Feed-Through Mode Setting Don't Care ; Off                ; Off                ;
; Create Debugging Nodes for IP Cores                                             ; Off                ; Off                ;
; Preserve fewer node names                                                       ; On                 ; On                 ;
; OpenCore Plus hardware evaluation                                               ; Enable             ; Enable             ;
; Verilog Version                                                                 ; Verilog_2001       ; Verilog_2001       ;
; VHDL Version                                                                    ; VHDL_1993          ; VHDL_1993          ;
; State Machine Processing                                                        ; Auto               ; Auto               ;
; Safe State Machine                                                              ; Off                ; Off                ;
; Extract Verilog State Machines                                                  ; On                 ; On                 ;
; Extract VHDL State Machines                                                     ; On                 ; On                 ;
; Ignore Verilog initial constructs                                               ; Off                ; Off                ;
; Iteration limit for constant Verilog loops                                      ; 5000               ; 5000               ;
; Iteration limit for non-constant Verilog loops                                  ; 250                ; 250                ;
; Add Pass-Through Logic to Inferred RAMs                                         ; On                 ; On                 ;
; Infer RAMs from Raw Logic                                                       ; On                 ; On                 ;
; Parallel Synthesis                                                              ; On                 ; On                 ;
; DSP Block Balancing                                                             ; Auto               ; Auto               ;
; NOT Gate Push-Back                                                              ; On                 ; On                 ;
; Power-Up Don't Care                                                             ; On                 ; On                 ;
; Remove Redundant Logic Cells                                                    ; Off                ; Off                ;
; Remove Duplicate Registers                                                      ; On                 ; On                 ;
; Ignore CARRY Buffers                                                            ; Off                ; Off                ;
; Ignore CASCADE Buffers                                                          ; Off                ; Off                ;
; Ignore GLOBAL Buffers                                                           ; Off                ; Off                ;
; Ignore ROW GLOBAL Buffers                                                       ; Off                ; Off                ;
; Ignore LCELL Buffers                                                            ; Off                ; Off                ;
; Ignore SOFT Buffers                                                             ; On                 ; On                 ;
; Limit AHDL Integers to 32 Bits                                                  ; Off                ; Off                ;
; Optimization Technique                                                          ; Balanced           ; Balanced           ;
; Carry Chain Length                                                              ; 70                 ; 70                 ;
; Auto Carry Chains                                                               ; On                 ; On                 ;
; Auto Open-Drain Pins                                                            ; On                 ; On                 ;
; Perform WYSIWYG Primitive Resynthesis                                           ; Off                ; Off                ;
; Auto ROM Replacement                                                            ; On                 ; On                 ;
; Auto RAM Replacement                                                            ; On                 ; On                 ;
; Auto DSP Block Replacement                                                      ; On                 ; On                 ;
; Auto Shift Register Replacement                                                 ; Auto               ; Auto               ;
; Allow Shift Register Merging across Hierarchies                                 ; Auto               ; Auto               ;
; Auto Clock Enable Replacement                                                   ; On                 ; On                 ;
; Strict RAM Replacement                                                          ; Off                ; Off                ;
; Allow Synchronous Control Signals                                               ; On                 ; On                 ;
; Force Use of Synchronous Clear Signals                                          ; Off                ; Off                ;
; Auto Resource Sharing                                                           ; Off                ; Off                ;
; Allow Any RAM Size For Recognition                                              ; Off                ; Off                ;
; Allow Any ROM Size For Recognition                                              ; Off                ; Off                ;
; Allow Any Shift Register Size For Recognition                                   ; Off                ; Off                ;
; Use LogicLock Constraints during Resource Balancing                             ; On                 ; On                 ;
; Ignore translate_off and synthesis_off directives                               ; Off                ; Off                ;
; Timing-Driven Synthesis                                                         ; On                 ; On                 ;
; Report Parameter Settings                                                       ; On                 ; On                 ;
; Report Source Assignments                                                       ; On                 ; On                 ;
; Report Connectivity Checks                                                      ; On                 ; On                 ;
; Ignore Maximum Fan-Out Assignments                                              ; Off                ; Off                ;
; Synchronization Register Chain Length                                           ; 3                  ; 3                  ;
; PowerPlay Power Optimization During Synthesis                                   ; Normal compilation ; Normal compilation ;
; HDL message level                                                               ; Level2             ; Level2             ;
; Suppress Register Optimization Related Messages                                 ; Off                ; Off                ;
; Number of Removed Registers Reported in Synthesis Report                        ; 5000               ; 5000               ;
; Number of Swept Nodes Reported in Synthesis Report                              ; 5000               ; 5000               ;
; Number of Inverted Registers Reported in Synthesis Report                       ; 100                ; 100                ;
; Clock MUX Protection                                                            ; On                 ; On                 ;
; Auto Gated Clock Conversion                                                     ; Off                ; Off                ;
; Block Design Naming                                                             ; Auto               ; Auto               ;
; SDC constraint protection                                                       ; Off                ; Off                ;
; Synthesis Effort                                                                ; Auto               ; Auto               ;
; Shift Register Replacement - Allow Asynchronous Clear Signal                    ; On                 ; On                 ;
; Pre-Mapping Resynthesis Optimization                                            ; Off                ; Off                ;
; Analysis & Synthesis Message Level                                              ; Medium             ; Medium             ;
; Disable Register Merging Across Hierarchies                                     ; Auto               ; Auto               ;
; Resource Aware Inference For Block RAM                                          ; On                 ; On                 ;
; Automatic Parallel Synthesis                                                    ; On                 ; On                 ;
; Partial Reconfiguration Bitstream ID                                            ; Off                ; Off                ;
+---------------------------------------------------------------------------------+--------------------+--------------------+


+----------------------------------------------------------------------------------------------------------------+
; Port Connectivity Checks: "interface_hcsr04_fd:FD|contador_cm:contador|analisa_m:analisa"                      ;
+------+--------+----------+-------------------------------------------------------------------------------------+
; Port ; Type   ; Severity ; Details                                                                             ;
+------+--------+----------+-------------------------------------------------------------------------------------+
; zero ; Output ; Info     ; Connected to dangling logic. Logic that only feeds a dangling port will be removed. ;
; meio ; Output ; Info     ; Connected to dangling logic. Logic that only feeds a dangling port will be removed. ;
; fim  ; Output ; Info     ; Connected to dangling logic. Logic that only feeds a dangling port will be removed. ;
+------+--------+----------+-------------------------------------------------------------------------------------+


+----------------------------------------------------------------------------------------------------------------+
; Port Connectivity Checks: "interface_hcsr04_fd:FD|contador_cm:contador|contador_bcd_3digitos:contador_cm"      ;
+------+--------+----------+-------------------------------------------------------------------------------------+
; Port ; Type   ; Severity ; Details                                                                             ;
+------+--------+----------+-------------------------------------------------------------------------------------+
; fim  ; Output ; Info     ; Connected to dangling logic. Logic that only feeds a dangling port will be removed. ;
+------+--------+----------+-------------------------------------------------------------------------------------+


+----------------------------------------------------------------------------------------------------------------+
; Port Connectivity Checks: "interface_hcsr04_fd:FD|contador_cm:contador"                                        ;
+------+--------+----------+-------------------------------------------------------------------------------------+
; Port ; Type   ; Severity ; Details                                                                             ;
+------+--------+----------+-------------------------------------------------------------------------------------+
; fim  ; Output ; Info     ; Connected to dangling logic. Logic that only feeds a dangling port will be removed. ;
+------+--------+----------+-------------------------------------------------------------------------------------+


+------------------------------------------------------------------------------------------------------------------+
; Port Connectivity Checks: "interface_hcsr04_fd:FD|gerador_pulso:gerador"                                         ;
+--------+--------+----------+-------------------------------------------------------------------------------------+
; Port   ; Type   ; Severity ; Details                                                                             ;
+--------+--------+----------+-------------------------------------------------------------------------------------+
; para   ; Input  ; Info     ; Stuck at GND                                                                        ;
; pronto ; Output ; Info     ; Connected to dangling logic. Logic that only feeds a dangling port will be removed. ;
+--------+--------+----------+-------------------------------------------------------------------------------------+


+---------------------------------+
; Analysis & Elaboration Messages ;
+---------------------------------+
Warning (18236): Number of processors has not been specified which may cause overloading on shared machines.  Set the global assignment NUM_PARALLEL_PROCESSORS in your QSF to an appropriate value for best performance.
Info (20030): Parallel compilation is enabled and will use 4 of the 4 processors detected
Info (12021): Found 2 design units, including 1 entities, in source file interface_hcrs04_fd.vhd
    Info (12022): Found design unit 1: interface_hcsr04_fd-interface_hcsr04_arch File: D:/LabDigi/exp4/interface_hcsr04_restored/interface_hcrs04_fd.vhd Line: 17
    Info (12023): Found entity 1: interface_hcsr04_fd File: D:/LabDigi/exp4/interface_hcsr04_restored/interface_hcrs04_fd.vhd Line: 4
Info (12021): Found 2 design units, including 1 entities, in source file interface_hcsr04_uc.vhd
    Info (12022): Found design unit 1: interface_hcsr04_uc-fsm_arch File: D:/LabDigi/exp4/interface_hcsr04_restored/interface_hcsr04_uc.vhd Line: 35
    Info (12023): Found entity 1: interface_hcsr04_uc File: D:/LabDigi/exp4/interface_hcsr04_restored/interface_hcsr04_uc.vhd Line: 20
Info (12021): Found 2 design units, including 1 entities, in source file interface_hcsr04_tb.vhd
    Info (12022): Found design unit 1: interface_hcsr04_tb-tb File: D:/LabDigi/exp4/interface_hcsr04_restored/interface_hcsr04_tb.vhd Line: 23
    Info (12023): Found entity 1: interface_hcsr04_tb File: D:/LabDigi/exp4/interface_hcsr04_restored/interface_hcsr04_tb.vhd Line: 20
Info (12021): Found 2 design units, including 1 entities, in source file interface_hcrs04.vhd
    Info (12022): Found design unit 1: interface_hcsr04-interface_hcsr04_arch File: D:/LabDigi/exp4/interface_hcsr04_restored/interface_hcrs04.vhd Line: 17
    Info (12023): Found entity 1: interface_hcsr04 File: D:/LabDigi/exp4/interface_hcsr04_restored/interface_hcrs04.vhd Line: 4
Info (12021): Found 2 design units, including 1 entities, in source file gerador_pulso.vhd
    Info (12022): Found design unit 1: gerador_pulso-fsm_arch File: D:/LabDigi/exp4/interface_hcsr04_restored/gerador_pulso.vhd Line: 35
    Info (12023): Found entity 1: gerador_pulso File: D:/LabDigi/exp4/interface_hcsr04_restored/gerador_pulso.vhd Line: 21
Info (12021): Found 2 design units, including 1 entities, in source file contador_cm_tb.vhd
    Info (12022): Found design unit 1: contador_cm_tb-tb File: D:/LabDigi/exp4/interface_hcsr04_restored/contador_cm_tb.vhd Line: 23
    Info (12023): Found entity 1: contador_cm_tb File: D:/LabDigi/exp4/interface_hcsr04_restored/contador_cm_tb.vhd Line: 20
Info (12021): Found 2 design units, including 1 entities, in source file contador_bcd_3digitos.vhd
    Info (12022): Found design unit 1: contador_bcd_3digitos-comportamental File: D:/LabDigi/exp4/interface_hcsr04_restored/contador_bcd_3digitos.vhd Line: 32
    Info (12023): Found entity 1: contador_bcd_3digitos File: D:/LabDigi/exp4/interface_hcsr04_restored/contador_bcd_3digitos.vhd Line: 20
Info (12021): Found 2 design units, including 1 entities, in source file analisa_m.vhd
    Info (12022): Found design unit 1: analisa_m-comportamental File: D:/LabDigi/exp4/interface_hcsr04_restored/analisa_m.vhd Line: 35
    Info (12023): Found entity 1: analisa_m File: D:/LabDigi/exp4/interface_hcsr04_restored/analisa_m.vhd Line: 21
Info (12021): Found 2 design units, including 1 entities, in source file contador_m.vhd
    Info (12022): Found design unit 1: contador_m-contador_m_arch File: D:/LabDigi/exp4/interface_hcsr04_restored/contador_m.vhd Line: 19
    Info (12023): Found entity 1: contador_m File: D:/LabDigi/exp4/interface_hcsr04_restored/contador_m.vhd Line: 5
Info (12021): Found 2 design units, including 1 entities, in source file registrador_n.vhd
    Info (12022): Found design unit 1: registrador_n-registrador_n File: D:/LabDigi/exp4/interface_hcsr04_restored/registrador_n.vhd Line: 17
    Info (12023): Found entity 1: registrador_n File: D:/LabDigi/exp4/interface_hcsr04_restored/registrador_n.vhd Line: 4
Info (12021): Found 2 design units, including 1 entities, in source file contador_cm.vhd
    Info (12022): Found design unit 1: contador_cm-contador_cm_arch File: D:/LabDigi/exp4/interface_hcsr04_restored/contador_cm.vhd Line: 18
    Info (12023): Found entity 1: contador_cm File: D:/LabDigi/exp4/interface_hcsr04_restored/contador_cm.vhd Line: 5
Info (12127): Elaborating entity "interface_hcsr04" for the top level hierarchy
Info (12128): Elaborating entity "interface_hcsr04_fd" for hierarchy "interface_hcsr04_fd:FD" File: D:/LabDigi/exp4/interface_hcsr04_restored/interface_hcrs04.vhd Line: 55
Info (12128): Elaborating entity "gerador_pulso" for hierarchy "interface_hcsr04_fd:FD|gerador_pulso:gerador" File: D:/LabDigi/exp4/interface_hcsr04_restored/interface_hcrs04_fd.vhd Line: 67
Info (12128): Elaborating entity "registrador_n" for hierarchy "interface_hcsr04_fd:FD|registrador_n:registrador" File: D:/LabDigi/exp4/interface_hcsr04_restored/interface_hcrs04_fd.vhd Line: 80
Info (12128): Elaborating entity "contador_cm" for hierarchy "interface_hcsr04_fd:FD|contador_cm:contador" File: D:/LabDigi/exp4/interface_hcsr04_restored/interface_hcrs04_fd.vhd Line: 93
Warning (10541): VHDL Signal Declaration warning at contador_cm.vhd(13): used implicit default value for signal "fim" because signal was never assigned a value or an explicit default value. Use of implicit default value may introduce unintended design optimizations. File: D:/LabDigi/exp4/interface_hcsr04_restored/contador_cm.vhd Line: 13
Warning (10036): Verilog HDL or VHDL warning at contador_cm.vhd(61): object "fim_bcd" assigned a value but never read File: D:/LabDigi/exp4/interface_hcsr04_restored/contador_cm.vhd Line: 61
Info (12128): Elaborating entity "contador_m" for hierarchy "interface_hcsr04_fd:FD|contador_cm:contador|contador_m:contador_tick" File: D:/LabDigi/exp4/interface_hcsr04_restored/contador_cm.vhd Line: 69
Info (12128): Elaborating entity "contador_bcd_3digitos" for hierarchy "interface_hcsr04_fd:FD|contador_cm:contador|contador_bcd_3digitos:contador_cm" File: D:/LabDigi/exp4/interface_hcsr04_restored/contador_cm.vhd Line: 82
Info (12128): Elaborating entity "analisa_m" for hierarchy "interface_hcsr04_fd:FD|contador_cm:contador|analisa_m:analisa" File: D:/LabDigi/exp4/interface_hcsr04_restored/contador_cm.vhd Line: 93
Info (12128): Elaborating entity "interface_hcsr04_uc" for hierarchy "interface_hcsr04_uc:UC" File: D:/LabDigi/exp4/interface_hcsr04_restored/interface_hcrs04.vhd Line: 67


