Analysis & Elaboration report for sonar
Sun Oct 02 22:30:00 2022
Quartus Prime Version 16.1.0 Build 196 10/24/2016 SJ Lite Edition


---------------------
; Table of Contents ;
---------------------
  1. Legal Notice
  2. Analysis & Elaboration Summary
  3. Parallel Compilation
  4. Parameter Settings for User Entity Instance: sonar_fd:FD|trena_digital:TRENA|mux_8x1_n:MUX
  5. Parameter Settings for User Entity Instance: sonar_fd:FD|trena_digital:TRENA|trena_digital_fd:FD|interface_hcsr04:sensor|interface_hcsr04_fd:FD|gerador_pulso:gerador
  6. Parameter Settings for User Entity Instance: sonar_fd:FD|trena_digital:TRENA|trena_digital_fd:FD|interface_hcsr04:sensor|interface_hcsr04_fd:FD|registrador_n:registrador
  7. Parameter Settings for User Entity Instance: sonar_fd:FD|trena_digital:TRENA|trena_digital_fd:FD|interface_hcsr04:sensor|interface_hcsr04_fd:FD|contador_cm:contador|contador_m:contador_tick
  8. Parameter Settings for User Entity Instance: sonar_fd:FD|trena_digital:TRENA|trena_digital_fd:FD|interface_hcsr04:sensor|interface_hcsr04_fd:FD|contador_cm:contador|analisa_m:analisa
  9. Parameter Settings for User Entity Instance: sonar_fd:FD|trena_digital:TRENA|trena_digital_fd:FD|tx_serial_7E2:transmissor|tx_serial_8N2_fd:U2_FD|deslocador_n:U1
 10. Parameter Settings for User Entity Instance: sonar_fd:FD|trena_digital:TRENA|trena_digital_fd:FD|tx_serial_7E2:transmissor|tx_serial_8N2_fd:U2_FD|contador_m_modificado:U2
 11. Parameter Settings for User Entity Instance: sonar_fd:FD|trena_digital:TRENA|trena_digital_fd:FD|tx_serial_7E2:transmissor|contador_m:U3_TICK
 12. Parameter Settings for User Entity Instance: sonar_fd:FD|trena_digital:TRENA|trena_digital_fd:FD|contador_m:contagem
 13. Parameter Settings for User Entity Instance: sonar_fd:FD|contadorg_updown_m:CONTADOR_UPDOWN
 14. Parameter Settings for User Entity Instance: sonar_fd:FD|contador_m:CONT_SEGUNDOS
 15. Analysis & Elaboration Settings
 16. Port Connectivity Checks: "sonar_fd:FD|contador_m:CONT_SEGUNDOS"
 17. Port Connectivity Checks: "sonar_fd:FD|contadorg_updown_m:CONTADOR_UPDOWN"
 18. Port Connectivity Checks: "sonar_fd:FD|controle_servo:SERVO"
 19. Port Connectivity Checks: "sonar_fd:FD|trena_digital:TRENA|trena_digital_fd:FD|tx_serial_7E2:transmissor|contador_m:U3_TICK"
 20. Port Connectivity Checks: "sonar_fd:FD|trena_digital:TRENA|trena_digital_fd:FD|tx_serial_7E2:transmissor|tx_serial_8N2_fd:U2_FD|contador_m_modificado:U2"
 21. Port Connectivity Checks: "sonar_fd:FD|trena_digital:TRENA|trena_digital_fd:FD|tx_serial_7E2:transmissor|tx_serial_8N2_fd:U2_FD|deslocador_n:U1"
 22. Port Connectivity Checks: "sonar_fd:FD|trena_digital:TRENA|trena_digital_fd:FD|tx_serial_7E2:transmissor"
 23. Port Connectivity Checks: "sonar_fd:FD|trena_digital:TRENA|trena_digital_fd:FD|interface_hcsr04:sensor|interface_hcsr04_fd:FD|contador_cm:contador|analisa_m:analisa"
 24. Port Connectivity Checks: "sonar_fd:FD|trena_digital:TRENA|trena_digital_fd:FD|interface_hcsr04:sensor|interface_hcsr04_fd:FD|contador_cm:contador|contador_bcd_3digitos:contador_cm"
 25. Port Connectivity Checks: "sonar_fd:FD|trena_digital:TRENA|trena_digital_fd:FD|interface_hcsr04:sensor|interface_hcsr04_fd:FD|gerador_pulso:gerador"
 26. Port Connectivity Checks: "sonar_fd:FD|trena_digital:TRENA|trena_digital_fd:FD|interface_hcsr04:sensor"
 27. Port Connectivity Checks: "sonar_fd:FD|trena_digital:TRENA|trena_digital_fd:FD"
 28. Port Connectivity Checks: "sonar_fd:FD|trena_digital:TRENA|mux_8x1_n:MUX"
 29. Port Connectivity Checks: "sonar_fd:FD|trena_digital:TRENA"
 30. Analysis & Elaboration Messages



----------------
; Legal Notice ;
----------------
Copyright (C) 2016  Intel Corporation. All rights reserved.
Your use of Intel Corporation's design tools, logic functions 
and other software and tools, and its AMPP partner logic 
functions, and any output files from any of the foregoing 
(including device programming or simulation files), and any 
associated documentation or information are expressly subject 
to the terms and conditions of the Intel Program License 
Subscription Agreement, the Intel Quartus Prime License Agreement,
the Intel MegaCore Function License Agreement, or other 
applicable license agreement, including, without limitation, 
that your use is for the sole purpose of programming logic 
devices manufactured by Intel and sold by Intel or its 
authorized distributors.  Please refer to the applicable 
agreement for further details.



+-----------------------------------------------------------------------------+
; Analysis & Elaboration Summary                                              ;
+-------------------------------+---------------------------------------------+
; Analysis & Elaboration Status ; Successful - Sun Oct 02 22:30:00 2022       ;
; Quartus Prime Version         ; 16.1.0 Build 196 10/24/2016 SJ Lite Edition ;
; Revision Name                 ; sonar                                       ;
; Top-level Entity Name         ; sonar                                       ;
; Family                        ; Cyclone V                                   ;
; Logic utilization (in ALMs)   ; N/A until Partition Merge                   ;
; Total registers               ; N/A until Partition Merge                   ;
; Total pins                    ; N/A until Partition Merge                   ;
; Total virtual pins            ; N/A until Partition Merge                   ;
; Total block memory bits       ; N/A until Partition Merge                   ;
; Total PLLs                    ; N/A until Partition Merge                   ;
; Total DLLs                    ; N/A until Partition Merge                   ;
+-------------------------------+---------------------------------------------+


+------------------------------------------+
; Parallel Compilation                     ;
+----------------------------+-------------+
; Processors                 ; Number      ;
+----------------------------+-------------+
; Number detected on machine ; 8           ;
; Maximum allowed            ; 4           ;
;                            ;             ;
; Average used               ; 1.00        ;
; Maximum used               ; 1           ;
;                            ;             ;
; Usage by Processor         ; % Time Used ;
;     Processor 1            ; 100.0%      ;
+----------------------------+-------------+


+--------------------------------------------------------------------------------------------+
; Parameter Settings for User Entity Instance: sonar_fd:FD|trena_digital:TRENA|mux_8x1_n:MUX ;
+----------------+-------+-------------------------------------------------------------------+
; Parameter Name ; Value ; Type                                                              ;
+----------------+-------+-------------------------------------------------------------------+
; bits           ; 8     ; Signed Integer                                                    ;
+----------------+-------+-------------------------------------------------------------------+
Note: In order to hide this table in the UI and the text report file, please set the "Show Parameter Settings in Synthesis Report" option in "Analysis and Synthesis Settings -> More Settings" to "Off".


+-----------------------------------------------------------------------------------------------------------------------------------------------------------------------+
; Parameter Settings for User Entity Instance: sonar_fd:FD|trena_digital:TRENA|trena_digital_fd:FD|interface_hcsr04:sensor|interface_hcsr04_fd:FD|gerador_pulso:gerador ;
+----------------+-------+----------------------------------------------------------------------------------------------------------------------------------------------+
; Parameter Name ; Value ; Type                                                                                                                                         ;
+----------------+-------+----------------------------------------------------------------------------------------------------------------------------------------------+
; largura        ; 500   ; Signed Integer                                                                                                                               ;
+----------------+-------+----------------------------------------------------------------------------------------------------------------------------------------------+
Note: In order to hide this table in the UI and the text report file, please set the "Show Parameter Settings in Synthesis Report" option in "Analysis and Synthesis Settings -> More Settings" to "Off".


+---------------------------------------------------------------------------------------------------------------------------------------------------------------------------+
; Parameter Settings for User Entity Instance: sonar_fd:FD|trena_digital:TRENA|trena_digital_fd:FD|interface_hcsr04:sensor|interface_hcsr04_fd:FD|registrador_n:registrador ;
+----------------+-------+--------------------------------------------------------------------------------------------------------------------------------------------------+
; Parameter Name ; Value ; Type                                                                                                                                             ;
+----------------+-------+--------------------------------------------------------------------------------------------------------------------------------------------------+
; n              ; 12    ; Signed Integer                                                                                                                                   ;
+----------------+-------+--------------------------------------------------------------------------------------------------------------------------------------------------+
Note: In order to hide this table in the UI and the text report file, please set the "Show Parameter Settings in Synthesis Report" option in "Analysis and Synthesis Settings -> More Settings" to "Off".


+-----------------------------------------------------------------------------------------------------------------------------------------------------------------------------------------------+
; Parameter Settings for User Entity Instance: sonar_fd:FD|trena_digital:TRENA|trena_digital_fd:FD|interface_hcsr04:sensor|interface_hcsr04_fd:FD|contador_cm:contador|contador_m:contador_tick ;
+----------------+-------+----------------------------------------------------------------------------------------------------------------------------------------------------------------------+
; Parameter Name ; Value ; Type                                                                                                                                                                 ;
+----------------+-------+----------------------------------------------------------------------------------------------------------------------------------------------------------------------+
; m              ; 2941  ; Signed Integer                                                                                                                                                       ;
; n              ; 12    ; Signed Integer                                                                                                                                                       ;
+----------------+-------+----------------------------------------------------------------------------------------------------------------------------------------------------------------------+
Note: In order to hide this table in the UI and the text report file, please set the "Show Parameter Settings in Synthesis Report" option in "Analysis and Synthesis Settings -> More Settings" to "Off".


+----------------------------------------------------------------------------------------------------------------------------------------------------------------------------------------+
; Parameter Settings for User Entity Instance: sonar_fd:FD|trena_digital:TRENA|trena_digital_fd:FD|interface_hcsr04:sensor|interface_hcsr04_fd:FD|contador_cm:contador|analisa_m:analisa ;
+----------------+-------+---------------------------------------------------------------------------------------------------------------------------------------------------------------+
; Parameter Name ; Value ; Type                                                                                                                                                          ;
+----------------+-------+---------------------------------------------------------------------------------------------------------------------------------------------------------------+
; m              ; 2941  ; Signed Integer                                                                                                                                                ;
; n              ; 12    ; Signed Integer                                                                                                                                                ;
+----------------+-------+---------------------------------------------------------------------------------------------------------------------------------------------------------------+
Note: In order to hide this table in the UI and the text report file, please set the "Show Parameter Settings in Synthesis Report" option in "Analysis and Synthesis Settings -> More Settings" to "Off".


+-------------------------------------------------------------------------------------------------------------------------------------------------------------------+
; Parameter Settings for User Entity Instance: sonar_fd:FD|trena_digital:TRENA|trena_digital_fd:FD|tx_serial_7E2:transmissor|tx_serial_8N2_fd:U2_FD|deslocador_n:U1 ;
+----------------+-------+------------------------------------------------------------------------------------------------------------------------------------------+
; Parameter Name ; Value ; Type                                                                                                                                     ;
+----------------+-------+------------------------------------------------------------------------------------------------------------------------------------------+
; n              ; 12    ; Signed Integer                                                                                                                           ;
+----------------+-------+------------------------------------------------------------------------------------------------------------------------------------------+
Note: In order to hide this table in the UI and the text report file, please set the "Show Parameter Settings in Synthesis Report" option in "Analysis and Synthesis Settings -> More Settings" to "Off".


+----------------------------------------------------------------------------------------------------------------------------------------------------------------------------+
; Parameter Settings for User Entity Instance: sonar_fd:FD|trena_digital:TRENA|trena_digital_fd:FD|tx_serial_7E2:transmissor|tx_serial_8N2_fd:U2_FD|contador_m_modificado:U2 ;
+----------------+-------+---------------------------------------------------------------------------------------------------------------------------------------------------+
; Parameter Name ; Value ; Type                                                                                                                                              ;
+----------------+-------+---------------------------------------------------------------------------------------------------------------------------------------------------+
; m              ; 13    ; Signed Integer                                                                                                                                    ;
; n              ; 4     ; Signed Integer                                                                                                                                    ;
+----------------+-------+---------------------------------------------------------------------------------------------------------------------------------------------------+
Note: In order to hide this table in the UI and the text report file, please set the "Show Parameter Settings in Synthesis Report" option in "Analysis and Synthesis Settings -> More Settings" to "Off".


+-----------------------------------------------------------------------------------------------------------------------------------------------+
; Parameter Settings for User Entity Instance: sonar_fd:FD|trena_digital:TRENA|trena_digital_fd:FD|tx_serial_7E2:transmissor|contador_m:U3_TICK ;
+----------------+-------+----------------------------------------------------------------------------------------------------------------------+
; Parameter Name ; Value ; Type                                                                                                                 ;
+----------------+-------+----------------------------------------------------------------------------------------------------------------------+
; m              ; 434   ; Signed Integer                                                                                                       ;
; n              ; 9     ; Signed Integer                                                                                                       ;
+----------------+-------+----------------------------------------------------------------------------------------------------------------------+
Note: In order to hide this table in the UI and the text report file, please set the "Show Parameter Settings in Synthesis Report" option in "Analysis and Synthesis Settings -> More Settings" to "Off".


+----------------------------------------------------------------------------------------------------------------------+
; Parameter Settings for User Entity Instance: sonar_fd:FD|trena_digital:TRENA|trena_digital_fd:FD|contador_m:contagem ;
+----------------+-------+---------------------------------------------------------------------------------------------+
; Parameter Name ; Value ; Type                                                                                        ;
+----------------+-------+---------------------------------------------------------------------------------------------+
; m              ; 8     ; Signed Integer                                                                              ;
; n              ; 3     ; Signed Integer                                                                              ;
+----------------+-------+---------------------------------------------------------------------------------------------+
Note: In order to hide this table in the UI and the text report file, please set the "Show Parameter Settings in Synthesis Report" option in "Analysis and Synthesis Settings -> More Settings" to "Off".


+---------------------------------------------------------------------------------------------+
; Parameter Settings for User Entity Instance: sonar_fd:FD|contadorg_updown_m:CONTADOR_UPDOWN ;
+----------------+-------+--------------------------------------------------------------------+
; Parameter Name ; Value ; Type                                                               ;
+----------------+-------+--------------------------------------------------------------------+
; m              ; 8     ; Signed Integer                                                     ;
+----------------+-------+--------------------------------------------------------------------+
Note: In order to hide this table in the UI and the text report file, please set the "Show Parameter Settings in Synthesis Report" option in "Analysis and Synthesis Settings -> More Settings" to "Off".


+-----------------------------------------------------------------------------------+
; Parameter Settings for User Entity Instance: sonar_fd:FD|contador_m:CONT_SEGUNDOS ;
+----------------+-----------+------------------------------------------------------+
; Parameter Name ; Value     ; Type                                                 ;
+----------------+-----------+------------------------------------------------------+
; m              ; 100000000 ; Signed Integer                                       ;
; n              ; 27        ; Signed Integer                                       ;
+----------------+-----------+------------------------------------------------------+
Note: In order to hide this table in the UI and the text report file, please set the "Show Parameter Settings in Synthesis Report" option in "Analysis and Synthesis Settings -> More Settings" to "Off".


+---------------------------------------------------------------------------------------------------------------------------+
; Analysis & Elaboration Settings                                                                                           ;
+---------------------------------------------------------------------------------+--------------------+--------------------+
; Option                                                                          ; Setting            ; Default Value      ;
+---------------------------------------------------------------------------------+--------------------+--------------------+
; Device                                                                          ; 5CEBA4F23C7        ;                    ;
; Top-level entity name                                                           ; sonar              ; sonar              ;
; Family name                                                                     ; Cyclone V          ; Cyclone V          ;
; Use smart compilation                                                           ; Off                ; Off                ;
; Enable parallel Assembler and TimeQuest Timing Analyzer during compilation      ; On                 ; On                 ;
; Enable compact report table                                                     ; Off                ; Off                ;
; Restructure Multiplexers                                                        ; Auto               ; Auto               ;
; MLAB Add Timing Constraints For Mixed-Port Feed-Through Mode Setting Don't Care ; Off                ; Off                ;
; Create Debugging Nodes for IP Cores                                             ; Off                ; Off                ;
; Preserve fewer node names                                                       ; On                 ; On                 ;
; OpenCore Plus hardware evaluation                                               ; Enable             ; Enable             ;
; Verilog Version                                                                 ; Verilog_2001       ; Verilog_2001       ;
; VHDL Version                                                                    ; VHDL_1993          ; VHDL_1993          ;
; State Machine Processing                                                        ; Auto               ; Auto               ;
; Safe State Machine                                                              ; Off                ; Off                ;
; Extract Verilog State Machines                                                  ; On                 ; On                 ;
; Extract VHDL State Machines                                                     ; On                 ; On                 ;
; Ignore Verilog initial constructs                                               ; Off                ; Off                ;
; Iteration limit for constant Verilog loops                                      ; 5000               ; 5000               ;
; Iteration limit for non-constant Verilog loops                                  ; 250                ; 250                ;
; Add Pass-Through Logic to Inferred RAMs                                         ; On                 ; On                 ;
; Infer RAMs from Raw Logic                                                       ; On                 ; On                 ;
; Parallel Synthesis                                                              ; On                 ; On                 ;
; DSP Block Balancing                                                             ; Auto               ; Auto               ;
; NOT Gate Push-Back                                                              ; On                 ; On                 ;
; Power-Up Don't Care                                                             ; On                 ; On                 ;
; Remove Redundant Logic Cells                                                    ; Off                ; Off                ;
; Remove Duplicate Registers                                                      ; On                 ; On                 ;
; Ignore CARRY Buffers                                                            ; Off                ; Off                ;
; Ignore CASCADE Buffers                                                          ; Off                ; Off                ;
; Ignore GLOBAL Buffers                                                           ; Off                ; Off                ;
; Ignore ROW GLOBAL Buffers                                                       ; Off                ; Off                ;
; Ignore LCELL Buffers                                                            ; Off                ; Off                ;
; Ignore SOFT Buffers                                                             ; On                 ; On                 ;
; Limit AHDL Integers to 32 Bits                                                  ; Off                ; Off                ;
; Optimization Technique                                                          ; Balanced           ; Balanced           ;
; Carry Chain Length                                                              ; 70                 ; 70                 ;
; Auto Carry Chains                                                               ; On                 ; On                 ;
; Auto Open-Drain Pins                                                            ; On                 ; On                 ;
; Perform WYSIWYG Primitive Resynthesis                                           ; Off                ; Off                ;
; Auto ROM Replacement                                                            ; On                 ; On                 ;
; Auto RAM Replacement                                                            ; On                 ; On                 ;
; Auto DSP Block Replacement                                                      ; On                 ; On                 ;
; Auto Shift Register Replacement                                                 ; Auto               ; Auto               ;
; Allow Shift Register Merging across Hierarchies                                 ; Auto               ; Auto               ;
; Auto Clock Enable Replacement                                                   ; On                 ; On                 ;
; Strict RAM Replacement                                                          ; Off                ; Off                ;
; Allow Synchronous Control Signals                                               ; On                 ; On                 ;
; Force Use of Synchronous Clear Signals                                          ; Off                ; Off                ;
; Auto Resource Sharing                                                           ; Off                ; Off                ;
; Allow Any RAM Size For Recognition                                              ; Off                ; Off                ;
; Allow Any ROM Size For Recognition                                              ; Off                ; Off                ;
; Allow Any Shift Register Size For Recognition                                   ; Off                ; Off                ;
; Use LogicLock Constraints during Resource Balancing                             ; On                 ; On                 ;
; Ignore translate_off and synthesis_off directives                               ; Off                ; Off                ;
; Timing-Driven Synthesis                                                         ; On                 ; On                 ;
; Report Parameter Settings                                                       ; On                 ; On                 ;
; Report Source Assignments                                                       ; On                 ; On                 ;
; Report Connectivity Checks                                                      ; On                 ; On                 ;
; Ignore Maximum Fan-Out Assignments                                              ; Off                ; Off                ;
; Synchronization Register Chain Length                                           ; 3                  ; 3                  ;
; PowerPlay Power Optimization During Synthesis                                   ; Normal compilation ; Normal compilation ;
; HDL message level                                                               ; Level2             ; Level2             ;
; Suppress Register Optimization Related Messages                                 ; Off                ; Off                ;
; Number of Removed Registers Reported in Synthesis Report                        ; 5000               ; 5000               ;
; Number of Swept Nodes Reported in Synthesis Report                              ; 5000               ; 5000               ;
; Number of Inverted Registers Reported in Synthesis Report                       ; 100                ; 100                ;
; Clock MUX Protection                                                            ; On                 ; On                 ;
; Auto Gated Clock Conversion                                                     ; Off                ; Off                ;
; Block Design Naming                                                             ; Auto               ; Auto               ;
; SDC constraint protection                                                       ; Off                ; Off                ;
; Synthesis Effort                                                                ; Auto               ; Auto               ;
; Shift Register Replacement - Allow Asynchronous Clear Signal                    ; On                 ; On                 ;
; Pre-Mapping Resynthesis Optimization                                            ; Off                ; Off                ;
; Analysis & Synthesis Message Level                                              ; Medium             ; Medium             ;
; Disable Register Merging Across Hierarchies                                     ; Auto               ; Auto               ;
; Resource Aware Inference For Block RAM                                          ; On                 ; On                 ;
; Automatic Parallel Synthesis                                                    ; On                 ; On                 ;
; Partial Reconfiguration Bitstream ID                                            ; Off                ; Off                ;
+---------------------------------------------------------------------------------+--------------------+--------------------+


+----------------------------------------------------------------------------------------------------------------+
; Port Connectivity Checks: "sonar_fd:FD|contador_m:CONT_SEGUNDOS"                                               ;
+------+--------+----------+-------------------------------------------------------------------------------------+
; Port ; Type   ; Severity ; Details                                                                             ;
+------+--------+----------+-------------------------------------------------------------------------------------+
; q    ; Output ; Info     ; Connected to dangling logic. Logic that only feeds a dangling port will be removed. ;
+------+--------+----------+-------------------------------------------------------------------------------------+


+------------------------------------------------------------------------------------------------------------------+
; Port Connectivity Checks: "sonar_fd:FD|contadorg_updown_m:CONTADOR_UPDOWN"                                       ;
+--------+--------+----------+-------------------------------------------------------------------------------------+
; Port   ; Type   ; Severity ; Details                                                                             ;
+--------+--------+----------+-------------------------------------------------------------------------------------+
; zera_s ; Input  ; Info     ; Stuck at GND                                                                        ;
; inicio ; Output ; Info     ; Connected to dangling logic. Logic that only feeds a dangling port will be removed. ;
; fim    ; Output ; Info     ; Connected to dangling logic. Logic that only feeds a dangling port will be removed. ;
; meio   ; Output ; Info     ; Connected to dangling logic. Logic that only feeds a dangling port will be removed. ;
+--------+--------+----------+-------------------------------------------------------------------------------------+


+----------------------------------------------------------------------------------------------------------------------+
; Port Connectivity Checks: "sonar_fd:FD|controle_servo:SERVO"                                                         ;
+------------+--------+----------+-------------------------------------------------------------------------------------+
; Port       ; Type   ; Severity ; Details                                                                             ;
+------------+--------+----------+-------------------------------------------------------------------------------------+
; db_reset   ; Output ; Info     ; Connected to dangling logic. Logic that only feeds a dangling port will be removed. ;
; db_pwm     ; Output ; Info     ; Connected to dangling logic. Logic that only feeds a dangling port will be removed. ;
; db_posicao ; Output ; Info     ; Connected to dangling logic. Logic that only feeds a dangling port will be removed. ;
+------------+--------+----------+-------------------------------------------------------------------------------------+


+------------------------------------------------------------------------------------------------------------------------------+
; Port Connectivity Checks: "sonar_fd:FD|trena_digital:TRENA|trena_digital_fd:FD|tx_serial_7E2:transmissor|contador_m:U3_TICK" ;
+-------+--------+----------+--------------------------------------------------------------------------------------------------+
; Port  ; Type   ; Severity ; Details                                                                                          ;
+-------+--------+----------+--------------------------------------------------------------------------------------------------+
; conta ; Input  ; Info     ; Stuck at VCC                                                                                     ;
; q     ; Output ; Info     ; Connected to dangling logic. Logic that only feeds a dangling port will be removed.              ;
+-------+--------+----------+--------------------------------------------------------------------------------------------------+


+-----------------------------------------------------------------------------------------------------------------------------------------------------------+
; Port Connectivity Checks: "sonar_fd:FD|trena_digital:TRENA|trena_digital_fd:FD|tx_serial_7E2:transmissor|tx_serial_8N2_fd:U2_FD|contador_m_modificado:U2" ;
+------+--------+----------+--------------------------------------------------------------------------------------------------------------------------------+
; Port ; Type   ; Severity ; Details                                                                                                                        ;
+------+--------+----------+--------------------------------------------------------------------------------------------------------------------------------+
; q    ; Output ; Info     ; Connected to dangling logic. Logic that only feeds a dangling port will be removed.                                            ;
; meio ; Output ; Info     ; Connected to dangling logic. Logic that only feeds a dangling port will be removed.                                            ;
+------+--------+----------+--------------------------------------------------------------------------------------------------------------------------------+


+--------------------------------------------------------------------------------------------------------------------------------------------------+
; Port Connectivity Checks: "sonar_fd:FD|trena_digital:TRENA|trena_digital_fd:FD|tx_serial_7E2:transmissor|tx_serial_8N2_fd:U2_FD|deslocador_n:U1" ;
+----------------+--------+----------+-------------------------------------------------------------------------------------------------------------+
; Port           ; Type   ; Severity ; Details                                                                                                     ;
+----------------+--------+----------+-------------------------------------------------------------------------------------------------------------+
; entrada_serial ; Input  ; Info     ; Stuck at VCC                                                                                                ;
; dados[11..10]  ; Input  ; Info     ; Stuck at VCC                                                                                                ;
; dados[1]       ; Input  ; Info     ; Stuck at GND                                                                                                ;
; dados[0]       ; Input  ; Info     ; Stuck at VCC                                                                                                ;
; saida[11..1]   ; Output ; Info     ; Connected to dangling logic. Logic that only feeds a dangling port will be removed.                         ;
+----------------+--------+----------+-------------------------------------------------------------------------------------------------------------+


+------------------------------------------------------------------------------------------------------------------------------------------------+
; Port Connectivity Checks: "sonar_fd:FD|trena_digital:TRENA|trena_digital_fd:FD|tx_serial_7E2:transmissor"                                      ;
+-----------------+--------+----------+----------------------------------------------------------------------------------------------------------+
; Port            ; Type   ; Severity ; Details                                                                                                  ;
+-----------------+--------+----------+----------------------------------------------------------------------------------------------------------+
; db_partida      ; Output ; Warning  ; Declared by entity but not connected by instance. Logic that only feeds a dangling port will be removed. ;
; db_saida_serial ; Output ; Warning  ; Declared by entity but not connected by instance. Logic that only feeds a dangling port will be removed. ;
; db_estado       ; Output ; Warning  ; Declared by entity but not connected by instance. Logic that only feeds a dangling port will be removed. ;
+-----------------+--------+----------+----------------------------------------------------------------------------------------------------------+


+-----------------------------------------------------------------------------------------------------------------------------------------------------------------------+
; Port Connectivity Checks: "sonar_fd:FD|trena_digital:TRENA|trena_digital_fd:FD|interface_hcsr04:sensor|interface_hcsr04_fd:FD|contador_cm:contador|analisa_m:analisa" ;
+------+--------+----------+--------------------------------------------------------------------------------------------------------------------------------------------+
; Port ; Type   ; Severity ; Details                                                                                                                                    ;
+------+--------+----------+--------------------------------------------------------------------------------------------------------------------------------------------+
; zero ; Output ; Info     ; Connected to dangling logic. Logic that only feeds a dangling port will be removed.                                                        ;
; meio ; Output ; Info     ; Connected to dangling logic. Logic that only feeds a dangling port will be removed.                                                        ;
; fim  ; Output ; Info     ; Connected to dangling logic. Logic that only feeds a dangling port will be removed.                                                        ;
+------+--------+----------+--------------------------------------------------------------------------------------------------------------------------------------------+


+---------------------------------------------------------------------------------------------------------------------------------------------------------------------------------------+
; Port Connectivity Checks: "sonar_fd:FD|trena_digital:TRENA|trena_digital_fd:FD|interface_hcsr04:sensor|interface_hcsr04_fd:FD|contador_cm:contador|contador_bcd_3digitos:contador_cm" ;
+------+--------+----------+------------------------------------------------------------------------------------------------------------------------------------------------------------+
; Port ; Type   ; Severity ; Details                                                                                                                                                    ;
+------+--------+----------+------------------------------------------------------------------------------------------------------------------------------------------------------------+
; fim  ; Output ; Info     ; Connected to dangling logic. Logic that only feeds a dangling port will be removed.                                                                        ;
+------+--------+----------+------------------------------------------------------------------------------------------------------------------------------------------------------------+


+------------------------------------------------------------------------------------------------------------------------------------------------------+
; Port Connectivity Checks: "sonar_fd:FD|trena_digital:TRENA|trena_digital_fd:FD|interface_hcsr04:sensor|interface_hcsr04_fd:FD|gerador_pulso:gerador" ;
+--------+--------+----------+-------------------------------------------------------------------------------------------------------------------------+
; Port   ; Type   ; Severity ; Details                                                                                                                 ;
+--------+--------+----------+-------------------------------------------------------------------------------------------------------------------------+
; para   ; Input  ; Info     ; Stuck at GND                                                                                                            ;
; pronto ; Output ; Info     ; Connected to dangling logic. Logic that only feeds a dangling port will be removed.                                     ;
+--------+--------+----------+-------------------------------------------------------------------------------------------------------------------------+


+--------------------------------------------------------------------------------------------------------------------+
; Port Connectivity Checks: "sonar_fd:FD|trena_digital:TRENA|trena_digital_fd:FD|interface_hcsr04:sensor"            ;
+----------+--------+----------+-------------------------------------------------------------------------------------+
; Port     ; Type   ; Severity ; Details                                                                             ;
+----------+--------+----------+-------------------------------------------------------------------------------------+
; db_reset ; Output ; Info     ; Connected to dangling logic. Logic that only feeds a dangling port will be removed. ;
+----------+--------+----------+-------------------------------------------------------------------------------------+


+----------------------------------------------------------------------------------------------------------------------------+
; Port Connectivity Checks: "sonar_fd:FD|trena_digital:TRENA|trena_digital_fd:FD"                                            ;
+------------------+--------+----------+-------------------------------------------------------------------------------------+
; Port             ; Type   ; Severity ; Details                                                                             ;
+------------------+--------+----------+-------------------------------------------------------------------------------------+
; db_estado_medida ; Output ; Info     ; Connected to dangling logic. Logic that only feeds a dangling port will be removed. ;
; db_medir         ; Output ; Info     ; Connected to dangling logic. Logic that only feeds a dangling port will be removed. ;
; db_echo          ; Output ; Info     ; Connected to dangling logic. Logic that only feeds a dangling port will be removed. ;
; db_trigger       ; Output ; Info     ; Connected to dangling logic. Logic that only feeds a dangling port will be removed. ;
+------------------+--------+----------+-------------------------------------------------------------------------------------+


+----------------------------------------------------------------------------------------------------------------------+
; Port Connectivity Checks: "sonar_fd:FD|trena_digital:TRENA|mux_8x1_n:MUX"                                            ;
+------------+--------+----------+-------------------------------------------------------------------------------------+
; Port       ; Type   ; Severity ; Details                                                                             ;
+------------+--------+----------+-------------------------------------------------------------------------------------+
; d3[3..2]   ; Input  ; Info     ; Stuck at VCC                                                                        ;
; d3[7..6]   ; Input  ; Info     ; Stuck at GND                                                                        ;
; d3[1..0]   ; Input  ; Info     ; Stuck at GND                                                                        ;
; d3[5]      ; Input  ; Info     ; Stuck at VCC                                                                        ;
; d3[4]      ; Input  ; Info     ; Stuck at GND                                                                        ;
; d7[1..0]   ; Input  ; Info     ; Stuck at VCC                                                                        ;
; d7[7..6]   ; Input  ; Info     ; Stuck at GND                                                                        ;
; d7[4..2]   ; Input  ; Info     ; Stuck at GND                                                                        ;
; d7[5]      ; Input  ; Info     ; Stuck at VCC                                                                        ;
; mux_out[7] ; Output ; Info     ; Connected to dangling logic. Logic that only feeds a dangling port will be removed. ;
+------------+--------+----------+-------------------------------------------------------------------------------------+


+---------------------------------------------------------------------------------------------------------------------+
; Port Connectivity Checks: "sonar_fd:FD|trena_digital:TRENA"                                                         ;
+-----------+--------+----------+-------------------------------------------------------------------------------------+
; Port      ; Type   ; Severity ; Details                                                                             ;
+-----------+--------+----------+-------------------------------------------------------------------------------------+
; db_estado ; Output ; Info     ; Connected to dangling logic. Logic that only feeds a dangling port will be removed. ;
+-----------+--------+----------+-------------------------------------------------------------------------------------+


+---------------------------------+
; Analysis & Elaboration Messages ;
+---------------------------------+
Info: *******************************************************************
Info: Running Quartus Prime Analysis & Elaboration
    Info: Version 16.1.0 Build 196 10/24/2016 SJ Lite Edition
    Info: Processing started: Sun Oct 02 22:29:46 2022
Info: Command: quartus_map --read_settings_files=on --write_settings_files=off sonar -c sonar --analysis_and_elaboration
Warning (18236): Number of processors has not been specified which may cause overloading on shared machines.  Set the global assignment NUM_PARALLEL_PROCESSORS in your QSF to an appropriate value for best performance.
Info (20030): Parallel compilation is enabled and will use 4 of the 4 processors detected
Info (12021): Found 2 design units, including 1 entities, in source file /labdigi/exp6/vhdl/tx_serial_tick_uc.vhd
    Info (12022): Found design unit 1: tx_serial_uc-tx_serial_uc_arch File: D:/LabDigi/exp6/vhdl/tx_serial_tick_uc.vhd Line: 35
    Info (12023): Found entity 1: tx_serial_uc File: D:/LabDigi/exp6/vhdl/tx_serial_tick_uc.vhd Line: 19
Info (12021): Found 2 design units, including 1 entities, in source file /labdigi/exp6/vhdl/tx_serial_7e2_fd.vhd
    Info (12022): Found design unit 1: tx_serial_8N2_fd-tx_serial_8N2_fd_arch File: D:/LabDigi/exp6/vhdl/tx_serial_7E2_fd.vhd Line: 35
    Info (12023): Found entity 1: tx_serial_8N2_fd File: D:/LabDigi/exp6/vhdl/tx_serial_7E2_fd.vhd Line: 21
Info (12021): Found 2 design units, including 1 entities, in source file /labdigi/exp6/vhdl/tx_serial_7e2.vhd
    Info (12022): Found design unit 1: tx_serial_7E2-tx_serial_7E2_arch File: D:/LabDigi/exp6/vhdl/tx_serial_7E2.vhd Line: 36
    Info (12023): Found entity 1: tx_serial_7E2 File: D:/LabDigi/exp6/vhdl/tx_serial_7E2.vhd Line: 22
Info (12021): Found 2 design units, including 1 entities, in source file /labdigi/exp6/vhdl/trena_digital_uc.vhd
    Info (12022): Found design unit 1: trena_digital_uc-trena_digital_uc_behavioral File: D:/LabDigi/exp6/vhdl/trena_digital_uc.vhd Line: 20
    Info (12023): Found entity 1: trena_digital_uc File: D:/LabDigi/exp6/vhdl/trena_digital_uc.vhd Line: 4
Info (12021): Found 2 design units, including 1 entities, in source file /labdigi/exp6/vhdl/trena_digital_fd.vhd
    Info (12022): Found design unit 1: trena_digital_fd-trena_digital_fd_behavioral File: D:/LabDigi/exp6/vhdl/trena_digital_fd.vhd Line: 28
    Info (12023): Found entity 1: trena_digital_fd File: D:/LabDigi/exp6/vhdl/trena_digital_fd.vhd Line: 4
Info (12021): Found 2 design units, including 1 entities, in source file /labdigi/exp6/vhdl/trena_digital.vhd
    Info (12022): Found design unit 1: trena_digital-trena_digital_behavioral File: D:/LabDigi/exp6/vhdl/trena_digital.vhd Line: 18
    Info (12023): Found entity 1: trena_digital File: D:/LabDigi/exp6/vhdl/trena_digital.vhd Line: 4
Info (12021): Found 2 design units, including 1 entities, in source file /labdigi/exp6/vhdl/testador_paridade.vhd
    Info (12022): Found design unit 1: testador_paridade-rtl File: D:/LabDigi/exp6/vhdl/testador_paridade.vhd Line: 35
    Info (12023): Found entity 1: testador_paridade File: D:/LabDigi/exp6/vhdl/testador_paridade.vhd Line: 26
Info (12021): Found 2 design units, including 1 entities, in source file /labdigi/exp6/vhdl/sonar_uc.vhd
    Info (12022): Found design unit 1: sonar_uc-sonar_uc_behavioral File: D:/LabDigi/exp6/vhdl/sonar_uc.vhd Line: 21
    Info (12023): Found entity 1: sonar_uc File: D:/LabDigi/exp6/vhdl/sonar_uc.vhd Line: 4
Info (12021): Found 2 design units, including 1 entities, in source file /labdigi/exp6/vhdl/sonar_fd.vhd
    Info (12022): Found design unit 1: sonar_fd-sonar_fd_behavioral File: D:/LabDigi/exp6/vhdl/sonar_fd.vhd Line: 24
    Info (12023): Found entity 1: sonar_fd File: D:/LabDigi/exp6/vhdl/sonar_fd.vhd Line: 6
Info (12021): Found 2 design units, including 1 entities, in source file /labdigi/exp6/vhdl/sonar.vhd
    Info (12022): Found design unit 1: sonar-sonar_behavioral File: D:/LabDigi/exp6/vhdl/sonar.vhd Line: 18
    Info (12023): Found entity 1: sonar File: D:/LabDigi/exp6/vhdl/sonar.vhd Line: 4
Info (12021): Found 2 design units, including 1 entities, in source file /labdigi/exp6/vhdl/rx_serial_uc.vhd
    Info (12022): Found design unit 1: rx_serial_uc-rx_serial_uc_arch File: D:/LabDigi/exp6/vhdl/rx_serial_uc.vhd Line: 25
    Info (12023): Found entity 1: rx_serial_uc File: D:/LabDigi/exp6/vhdl/rx_serial_uc.vhd Line: 4
Info (12021): Found 2 design units, including 1 entities, in source file /labdigi/exp6/vhdl/rx_serial_fd.vhd
    Info (12022): Found design unit 1: rx_serial_fd-rx_serial_fd_arch File: D:/LabDigi/exp6/vhdl/rx_serial_fd.vhd Line: 24
    Info (12023): Found entity 1: rx_serial_fd File: D:/LabDigi/exp6/vhdl/rx_serial_fd.vhd Line: 5
Info (12021): Found 2 design units, including 1 entities, in source file /labdigi/exp6/vhdl/rx_serial_7e2.vhd
    Info (12022): Found design unit 1: rx_serial_7E2-arch File: D:/LabDigi/exp6/vhdl/rx_serial_7E2.vhd Line: 20
    Info (12023): Found entity 1: rx_serial_7E2 File: D:/LabDigi/exp6/vhdl/rx_serial_7E2.vhd Line: 5
Info (12021): Found 2 design units, including 1 entities, in source file /labdigi/exp6/vhdl/rom_angulos_8x24.vhd
    Info (12022): Found design unit 1: rom_angulos_8x24-rom_arch File: D:/LabDigi/exp6/vhdl/rom_angulos_8x24.vhd Line: 28
    Info (12023): Found entity 1: rom_angulos_8x24 File: D:/LabDigi/exp6/vhdl/rom_angulos_8x24.vhd Line: 21
Info (12021): Found 2 design units, including 1 entities, in source file /labdigi/exp6/vhdl/registrador_n.vhd
    Info (12022): Found design unit 1: registrador_n-registrador_n File: D:/LabDigi/exp6/vhdl/registrador_n.vhd Line: 17
    Info (12023): Found entity 1: registrador_n File: D:/LabDigi/exp6/vhdl/registrador_n.vhd Line: 4
Info (12021): Found 2 design units, including 1 entities, in source file /labdigi/exp6/vhdl/mux_8x1_n.vhd
    Info (12022): Found design unit 1: mux_8x1_n-behav File: D:/LabDigi/exp6/vhdl/mux_8x1_n.vhd Line: 37
    Info (12023): Found entity 1: mux_8x1_n File: D:/LabDigi/exp6/vhdl/mux_8x1_n.vhd Line: 19
Info (12021): Found 2 design units, including 1 entities, in source file /labdigi/exp6/vhdl/interface_hcsr04_uc.vhd
    Info (12022): Found design unit 1: interface_hcsr04_uc-fsm_arch File: D:/LabDigi/exp6/vhdl/interface_hcsr04_uc.vhd Line: 35
    Info (12023): Found entity 1: interface_hcsr04_uc File: D:/LabDigi/exp6/vhdl/interface_hcsr04_uc.vhd Line: 20
Info (12021): Found 2 design units, including 1 entities, in source file /labdigi/exp6/vhdl/interface_hcrs04_fd.vhd
    Info (12022): Found design unit 1: interface_hcsr04_fd-interface_hcsr04_arch File: D:/LabDigi/exp6/vhdl/interface_hcrs04_fd.vhd Line: 17
    Info (12023): Found entity 1: interface_hcsr04_fd File: D:/LabDigi/exp6/vhdl/interface_hcrs04_fd.vhd Line: 4
Info (12021): Found 2 design units, including 1 entities, in source file /labdigi/exp6/vhdl/interface_hcrs04.vhd
    Info (12022): Found design unit 1: interface_hcsr04-interface_hcsr04_arch File: D:/LabDigi/exp6/vhdl/interface_hcrs04.vhd Line: 19
    Info (12023): Found entity 1: interface_hcsr04 File: D:/LabDigi/exp6/vhdl/interface_hcrs04.vhd Line: 4
Info (12021): Found 2 design units, including 1 entities, in source file /labdigi/exp6/vhdl/hex7seg.vhd
    Info (12022): Found design unit 1: hex7seg-comportamental File: D:/LabDigi/exp6/vhdl/hex7seg.vhd Line: 27
    Info (12023): Found entity 1: hex7seg File: D:/LabDigi/exp6/vhdl/hex7seg.vhd Line: 20
Info (12021): Found 2 design units, including 1 entities, in source file /labdigi/exp6/vhdl/gerador_pulso.vhd
    Info (12022): Found design unit 1: gerador_pulso-fsm_arch File: D:/LabDigi/exp6/vhdl/gerador_pulso.vhd Line: 35
    Info (12023): Found entity 1: gerador_pulso File: D:/LabDigi/exp6/vhdl/gerador_pulso.vhd Line: 21
Info (12021): Found 2 design units, including 1 entities, in source file /labdigi/exp6/vhdl/exp5_trena_tb.vhd
    Info (12022): Found design unit 1: exp5_trena_tb-tb File: D:/LabDigi/exp6/vhdl/exp5_trena_tb.vhd Line: 24
    Info (12023): Found entity 1: exp5_trena_tb File: D:/LabDigi/exp6/vhdl/exp5_trena_tb.vhd Line: 21
Info (12021): Found 2 design units, including 1 entities, in source file /labdigi/exp6/vhdl/edge_detector.vhd
    Info (12022): Found design unit 1: edge_detector-Behavioral File: D:/LabDigi/exp6/vhdl/edge_detector.vhd Line: 29
    Info (12023): Found entity 1: edge_detector File: D:/LabDigi/exp6/vhdl/edge_detector.vhd Line: 21
Info (12021): Found 2 design units, including 1 entities, in source file /labdigi/exp6/vhdl/deslocador_n.vhd
    Info (12022): Found design unit 1: deslocador_n-deslocador_n_arch File: D:/LabDigi/exp6/vhdl/deslocador_n.vhd Line: 33
    Info (12023): Found entity 1: deslocador_n File: D:/LabDigi/exp6/vhdl/deslocador_n.vhd Line: 18
Info (12021): Found 2 design units, including 1 entities, in source file /labdigi/exp6/vhdl/controle_servo.vhd
    Info (12022): Found design unit 1: controle_servo-rtl File: D:/LabDigi/exp6/vhdl/controle_servo.vhd Line: 17
    Info (12023): Found entity 1: controle_servo File: D:/LabDigi/exp6/vhdl/controle_servo.vhd Line: 5
Info (12021): Found 2 design units, including 1 entities, in source file /labdigi/exp6/vhdl/contadorg_updown_m.vhd
    Info (12022): Found design unit 1: contadorg_updown_m-comportamental File: D:/LabDigi/exp6/vhdl/contadorg_updown_m.vhd Line: 43
    Info (12023): Found entity 1: contadorg_updown_m File: D:/LabDigi/exp6/vhdl/contadorg_updown_m.vhd Line: 27
Info (12021): Found 2 design units, including 1 entities, in source file /labdigi/exp6/vhdl/contador_m_modificado.vhd
    Info (12022): Found design unit 1: contador_m_modificado-contador_m_arch File: D:/LabDigi/exp6/vhdl/contador_m_modificado.vhd Line: 36
    Info (12023): Found entity 1: contador_m_modificado File: D:/LabDigi/exp6/vhdl/contador_m_modificado.vhd Line: 21
Info (12021): Found 2 design units, including 1 entities, in source file /labdigi/exp6/vhdl/contador_m.vhd
    Info (12022): Found design unit 1: contador_m-contador_m_arch File: D:/LabDigi/exp6/vhdl/contador_m.vhd Line: 19
    Info (12023): Found entity 1: contador_m File: D:/LabDigi/exp6/vhdl/contador_m.vhd Line: 5
Info (12021): Found 2 design units, including 1 entities, in source file /labdigi/exp6/vhdl/contador_cm.vhd
    Info (12022): Found design unit 1: contador_cm-contador_cm_arch File: D:/LabDigi/exp6/vhdl/contador_cm.vhd Line: 17
    Info (12023): Found entity 1: contador_cm File: D:/LabDigi/exp6/vhdl/contador_cm.vhd Line: 5
Info (12021): Found 2 design units, including 1 entities, in source file /labdigi/exp6/vhdl/contador_bcd_3digitos.vhd
    Info (12022): Found design unit 1: contador_bcd_3digitos-comportamental File: D:/LabDigi/exp6/vhdl/contador_bcd_3digitos.vhd Line: 32
    Info (12023): Found entity 1: contador_bcd_3digitos File: D:/LabDigi/exp6/vhdl/contador_bcd_3digitos.vhd Line: 20
Info (12021): Found 2 design units, including 1 entities, in source file /labdigi/exp6/vhdl/ascii.vhd
    Info (12022): Found design unit 1: ascii-comportamental File: D:/LabDigi/exp6/vhdl/ascii.vhd Line: 11
    Info (12023): Found entity 1: ascii File: D:/LabDigi/exp6/vhdl/ascii.vhd Line: 4
Info (12021): Found 2 design units, including 1 entities, in source file /labdigi/exp6/vhdl/analisa_m.vhd
    Info (12022): Found design unit 1: analisa_m-comportamental File: D:/LabDigi/exp6/vhdl/analisa_m.vhd Line: 35
    Info (12023): Found entity 1: analisa_m File: D:/LabDigi/exp6/vhdl/analisa_m.vhd Line: 21
Info (12127): Elaborating entity "sonar" for the top level hierarchy
Info (12128): Elaborating entity "sonar_fd" for hierarchy "sonar_fd:FD" File: D:/LabDigi/exp6/vhdl/sonar.vhd Line: 73
Info (12128): Elaborating entity "trena_digital" for hierarchy "sonar_fd:FD|trena_digital:TRENA" File: D:/LabDigi/exp6/vhdl/sonar_fd.vhd Line: 94
Info (12128): Elaborating entity "mux_8x1_n" for hierarchy "sonar_fd:FD|trena_digital:TRENA|mux_8x1_n:MUX" File: D:/LabDigi/exp6/vhdl/trena_digital.vhd Line: 131
Info (12128): Elaborating entity "trena_digital_uc" for hierarchy "sonar_fd:FD|trena_digital:TRENA|trena_digital_uc:UC" File: D:/LabDigi/exp6/vhdl/trena_digital.vhd Line: 148
Info (12128): Elaborating entity "trena_digital_fd" for hierarchy "sonar_fd:FD|trena_digital:TRENA|trena_digital_fd:FD" File: D:/LabDigi/exp6/vhdl/trena_digital.vhd Line: 163
Info (12128): Elaborating entity "interface_hcsr04" for hierarchy "sonar_fd:FD|trena_digital:TRENA|trena_digital_fd:FD|interface_hcsr04:sensor" File: D:/LabDigi/exp6/vhdl/trena_digital_fd.vhd Line: 77
Info (12128): Elaborating entity "interface_hcsr04_fd" for hierarchy "sonar_fd:FD|trena_digital:TRENA|trena_digital_fd:FD|interface_hcsr04:sensor|interface_hcsr04_fd:FD" File: D:/LabDigi/exp6/vhdl/interface_hcrs04.vhd Line: 61
Info (12128): Elaborating entity "gerador_pulso" for hierarchy "sonar_fd:FD|trena_digital:TRENA|trena_digital_fd:FD|interface_hcsr04:sensor|interface_hcsr04_fd:FD|gerador_pulso:gerador" File: D:/LabDigi/exp6/vhdl/interface_hcrs04_fd.vhd Line: 66
Info (12128): Elaborating entity "registrador_n" for hierarchy "sonar_fd:FD|trena_digital:TRENA|trena_digital_fd:FD|interface_hcsr04:sensor|interface_hcsr04_fd:FD|registrador_n:registrador" File: D:/LabDigi/exp6/vhdl/interface_hcrs04_fd.vhd Line: 79
Info (12128): Elaborating entity "contador_cm" for hierarchy "sonar_fd:FD|trena_digital:TRENA|trena_digital_fd:FD|interface_hcsr04:sensor|interface_hcsr04_fd:FD|contador_cm:contador" File: D:/LabDigi/exp6/vhdl/interface_hcrs04_fd.vhd Line: 92
Info (12128): Elaborating entity "contador_m" for hierarchy "sonar_fd:FD|trena_digital:TRENA|trena_digital_fd:FD|interface_hcsr04:sensor|interface_hcsr04_fd:FD|contador_cm:contador|contador_m:contador_tick" File: D:/LabDigi/exp6/vhdl/contador_cm.vhd Line: 68
Info (12128): Elaborating entity "contador_bcd_3digitos" for hierarchy "sonar_fd:FD|trena_digital:TRENA|trena_digital_fd:FD|interface_hcsr04:sensor|interface_hcsr04_fd:FD|contador_cm:contador|contador_bcd_3digitos:contador_cm" File: D:/LabDigi/exp6/vhdl/contador_cm.vhd Line: 81
Info (12128): Elaborating entity "analisa_m" for hierarchy "sonar_fd:FD|trena_digital:TRENA|trena_digital_fd:FD|interface_hcsr04:sensor|interface_hcsr04_fd:FD|contador_cm:contador|analisa_m:analisa" File: D:/LabDigi/exp6/vhdl/contador_cm.vhd Line: 92
Info (12128): Elaborating entity "interface_hcsr04_uc" for hierarchy "sonar_fd:FD|trena_digital:TRENA|trena_digital_fd:FD|interface_hcsr04:sensor|interface_hcsr04_uc:UC" File: D:/LabDigi/exp6/vhdl/interface_hcrs04.vhd Line: 73
Info (12128): Elaborating entity "tx_serial_7E2" for hierarchy "sonar_fd:FD|trena_digital:TRENA|trena_digital_fd:FD|tx_serial_7E2:transmissor" File: D:/LabDigi/exp6/vhdl/trena_digital_fd.vhd Line: 91
Info (12128): Elaborating entity "tx_serial_uc" for hierarchy "sonar_fd:FD|trena_digital:TRENA|trena_digital_fd:FD|tx_serial_7E2:transmissor|tx_serial_uc:U1_UC" File: D:/LabDigi/exp6/vhdl/tx_serial_7E2.vhd Line: 92
Info (12128): Elaborating entity "tx_serial_8N2_fd" for hierarchy "sonar_fd:FD|trena_digital:TRENA|trena_digital_fd:FD|tx_serial_7E2:transmissor|tx_serial_8N2_fd:U2_FD" File: D:/LabDigi/exp6/vhdl/tx_serial_7E2.vhd Line: 107
Info (12128): Elaborating entity "deslocador_n" for hierarchy "sonar_fd:FD|trena_digital:TRENA|trena_digital_fd:FD|tx_serial_7E2:transmissor|tx_serial_8N2_fd:U2_FD|deslocador_n:U1" File: D:/LabDigi/exp6/vhdl/tx_serial_7E2_fd.vhd Line: 88
Info (12128): Elaborating entity "contador_m_modificado" for hierarchy "sonar_fd:FD|trena_digital:TRENA|trena_digital_fd:FD|tx_serial_7E2:transmissor|tx_serial_8N2_fd:U2_FD|contador_m_modificado:U2" File: D:/LabDigi/exp6/vhdl/tx_serial_7E2_fd.vhd Line: 102
Info (12128): Elaborating entity "contador_m" for hierarchy "sonar_fd:FD|trena_digital:TRENA|trena_digital_fd:FD|tx_serial_7E2:transmissor|contador_m:U3_TICK" File: D:/LabDigi/exp6/vhdl/tx_serial_7E2.vhd Line: 123
Info (12128): Elaborating entity "contador_m" for hierarchy "sonar_fd:FD|trena_digital:TRENA|trena_digital_fd:FD|contador_m:contagem" File: D:/LabDigi/exp6/vhdl/trena_digital_fd.vhd Line: 101
Info (12128): Elaborating entity "hex7seg" for hierarchy "sonar_fd:FD|trena_digital:TRENA|hex7seg:DB_STATE" File: D:/LabDigi/exp6/vhdl/trena_digital.vhd Line: 186
Info (12128): Elaborating entity "ascii" for hierarchy "sonar_fd:FD|trena_digital:TRENA|ascii:DADO0" File: D:/LabDigi/exp6/vhdl/trena_digital.vhd Line: 192
Info (12128): Elaborating entity "rom_angulos_8x24" for hierarchy "sonar_fd:FD|rom_angulos_8x24:ROM_ANG" File: D:/LabDigi/exp6/vhdl/sonar_fd.vhd Line: 107
Info (12128): Elaborating entity "controle_servo" for hierarchy "sonar_fd:FD|controle_servo:SERVO" File: D:/LabDigi/exp6/vhdl/sonar_fd.vhd Line: 113
Info (12128): Elaborating entity "contadorg_updown_m" for hierarchy "sonar_fd:FD|contadorg_updown_m:CONTADOR_UPDOWN" File: D:/LabDigi/exp6/vhdl/sonar_fd.vhd Line: 124
Info (12128): Elaborating entity "contador_m" for hierarchy "sonar_fd:FD|contador_m:CONT_SEGUNDOS" File: D:/LabDigi/exp6/vhdl/sonar_fd.vhd Line: 139
Info (12128): Elaborating entity "sonar_uc" for hierarchy "sonar_uc:UC" File: D:/LabDigi/exp6/vhdl/sonar.vhd Line: 90
Warning (12241): 1 hierarchies have connectivity warnings - see the Connectivity Checks report folder
Info: Quartus Prime Analysis & Elaboration was successful. 0 errors, 2 warnings
    Info: Peak virtual memory: 4839 megabytes
    Info: Processing ended: Sun Oct 02 22:30:00 2022
    Info: Elapsed time: 00:00:14
    Info: Total CPU time (on all processors): 00:00:07


